2024-03-15T10:01:14 {"cpu": 0.35546875, "cpu_total": 2, "cpu_usage": 0.177734375, "memory": 3310.0, "memory_total": 7929.0, "memory_usage": 0.4174549123470803, "pipeline_run_id": 5, "pipeline_schedule_id": 2, "pipeline_uuid": "export_to_big_query", "hostname": "d2d72e4b77ea", "level": "INFO", "message": "Pipeline export_to_big_query for run 5 in schedule 2 is alive.", "timestamp": 1710496874.100944, "uuid": "8a60bc92c5a04b6e83f58196c445a68c"}
2024-03-15T10:01:14 {"block_run_id": 45, "block_uuid": "load_customer_dimension", "pipeline_run_id": 5, "pipeline_schedule_id": 2, "pipeline_uuid": "export_to_big_query", "hostname": "d2d72e4b77ea", "level": "INFO", "message": "Execute PipelineRun 5, BlockRun 45: pipeline export_to_big_query block load_customer_dimension", "timestamp": 1710496874.436796, "uuid": "df32c08b2ca046fc8ad6dc85483928d5"}
2024-03-15T10:01:14 {"cpu": 0.35546875, "cpu_total": 2, "cpu_usage": 0.177734375, "memory": 3362.0, "memory_total": 7929.0, "memory_usage": 0.42401311640812206, "pipeline_run_id": 5, "pipeline_schedule_id": 2, "pipeline_uuid": "export_to_big_query", "hostname": "d2d72e4b77ea", "level": "INFO", "message": "Pipeline export_to_big_query for run 5 in schedule 2 is alive.", "timestamp": 1710496874.814357, "uuid": "38246ba27bda46c8a1ab15c7070d0ec2"}
2024-03-15T10:01:15 {"block_run_id": 47, "block_uuid": "load_department_dimension", "pipeline_run_id": 5, "pipeline_schedule_id": 2, "pipeline_uuid": "export_to_big_query", "hostname": "d2d72e4b77ea", "level": "INFO", "message": "Execute PipelineRun 5, BlockRun 47: pipeline export_to_big_query block load_department_dimension", "timestamp": 1710496875.801709, "uuid": "a0aea72d6cc64620a74aaa9a65518dfb"}
2024-03-15T10:01:15 {"block_run_id": 53, "block_uuid": "load_order_dimension", "pipeline_run_id": 5, "pipeline_schedule_id": 2, "pipeline_uuid": "export_to_big_query", "hostname": "d2d72e4b77ea", "level": "INFO", "message": "Execute PipelineRun 5, BlockRun 53: pipeline export_to_big_query block load_order_dimension", "timestamp": 1710496875.844661, "uuid": "d51ffb18fcc148e29869eb9f8700853d"}
2024-03-15T10:01:15 {"block_run_id": 49, "block_uuid": "load_location_dimension", "pipeline_run_id": 5, "pipeline_schedule_id": 2, "pipeline_uuid": "export_to_big_query", "hostname": "d2d72e4b77ea", "level": "INFO", "message": "Execute PipelineRun 5, BlockRun 49: pipeline export_to_big_query block load_location_dimension", "timestamp": 1710496875.870107, "uuid": "a6b0498d38b94a9383bec4c671d9c42a"}
2024-03-15T10:01:15 {"block_run_id": 55, "block_uuid": "load_product_dimension", "pipeline_run_id": 5, "pipeline_schedule_id": 2, "pipeline_uuid": "export_to_big_query", "hostname": "d2d72e4b77ea", "level": "INFO", "message": "Execute PipelineRun 5, BlockRun 55: pipeline export_to_big_query block load_product_dimension", "timestamp": 1710496875.921575, "uuid": "d01ace6d26ab43c69959301610fdc33e"}
2024-03-15T10:01:15 {"block_run_id": 52, "block_uuid": "load_metadata_dimensio", "pipeline_run_id": 5, "pipeline_schedule_id": 2, "pipeline_uuid": "export_to_big_query", "hostname": "d2d72e4b77ea", "level": "INFO", "message": "Execute PipelineRun 5, BlockRun 52: pipeline export_to_big_query block load_metadata_dimensio", "timestamp": 1710496875.943714, "uuid": "359a311207ae42d58d50af100148c5bb"}
2024-03-15T10:01:15 {"block_run_id": 57, "block_uuid": "load_shipping_dimension", "pipeline_run_id": 5, "pipeline_schedule_id": 2, "pipeline_uuid": "export_to_big_query", "hostname": "d2d72e4b77ea", "level": "INFO", "message": "Execute PipelineRun 5, BlockRun 57: pipeline export_to_big_query block load_shipping_dimension", "timestamp": 1710496875.98508, "uuid": "a478f695f76c4a6f97817a40e653b3f9"}
2024-03-15T10:01:23 {"block_run_id": 47, "block_uuid": "load_department_dimension", "pipeline_run_id": 5, "pipeline_schedule_id": 2, "pipeline_uuid": "export_to_big_query", "hostname": "d2d72e4b77ea", "level": "INFO", "message": "BlockRun 47 (block_uuid: load_department_dimension) completes.", "timestamp": 1710496883.909553, "uuid": "85a9925cd9804b6d808eacfe4e1dd689"}
2024-03-15T10:01:24 {"block_run_id": 55, "block_uuid": "load_product_dimension", "pipeline_run_id": 5, "pipeline_schedule_id": 2, "pipeline_uuid": "export_to_big_query", "hostname": "d2d72e4b77ea", "level": "INFO", "message": "BlockRun 55 (block_uuid: load_product_dimension) completes.", "timestamp": 1710496884.098607, "uuid": "83b4f7821a49419e8b507b0e4b11ff27"}
2024-03-15T10:01:24 {"cpu": 0.38427734375, "cpu_total": 2, "cpu_usage": 0.192138671875, "memory": 3993.0, "memory_total": 7929.0, "memory_usage": 0.5035944003026863, "pipeline_run_id": 5, "pipeline_schedule_id": 2, "pipeline_uuid": "export_to_big_query", "hostname": "d2d72e4b77ea", "level": "INFO", "message": "Pipeline export_to_big_query for run 5 in schedule 2 is alive.", "timestamp": 1710496884.370146, "uuid": "dffa2d012b7244dda918f86a5d48720f"}
2024-03-15T10:01:24 {"block_run_id": 45, "block_uuid": "load_customer_dimension", "pipeline_run_id": 5, "pipeline_schedule_id": 2, "pipeline_uuid": "export_to_big_query", "hostname": "d2d72e4b77ea", "level": "INFO", "message": "BlockRun 45 (block_uuid: load_customer_dimension) completes.", "timestamp": 1710496884.757418, "uuid": "feb1cfcf45af4747afdffa313c3b5e33"}
2024-03-15T10:01:25 {"block_run_id": 48, "block_uuid": "department_dim_to_big_query", "pipeline_run_id": 5, "pipeline_schedule_id": 2, "pipeline_uuid": "export_to_big_query", "hostname": "d2d72e4b77ea", "level": "INFO", "message": "Execute PipelineRun 5, BlockRun 48: pipeline export_to_big_query block department_dim_to_big_query", "timestamp": 1710496885.763605, "uuid": "e8bfbeeb40f24d159b58afaaed865d4e"}
2024-03-15T10:01:25 {"block_run_id": 56, "block_uuid": "product_dim_to_big_query", "pipeline_run_id": 5, "pipeline_schedule_id": 2, "pipeline_uuid": "export_to_big_query", "hostname": "d2d72e4b77ea", "level": "INFO", "message": "Execute PipelineRun 5, BlockRun 56: pipeline export_to_big_query block product_dim_to_big_query", "timestamp": 1710496885.842277, "uuid": "91246468498a43cf9e05b2c95d97b726"}
2024-03-15T10:01:26 {"block_run_id": 57, "block_uuid": "load_shipping_dimension", "pipeline_run_id": 5, "pipeline_schedule_id": 2, "pipeline_uuid": "export_to_big_query", "hostname": "d2d72e4b77ea", "level": "INFO", "message": "BlockRun 57 (block_uuid: load_shipping_dimension) completes.", "timestamp": 1710496886.878099, "uuid": "26cf839ef5d848e79746cdc18caca344"}
2024-03-15T10:01:27 {"block_run_id": 52, "block_uuid": "load_metadata_dimensio", "pipeline_run_id": 5, "pipeline_schedule_id": 2, "pipeline_uuid": "export_to_big_query", "hostname": "d2d72e4b77ea", "level": "INFO", "message": "BlockRun 52 (block_uuid: load_metadata_dimensio) completes.", "timestamp": 1710496887.783522, "uuid": "9f248c6cd65b4a098e2daec991c85854"}
2024-03-15T10:01:27 {"block_run_id": 49, "block_uuid": "load_location_dimension", "pipeline_run_id": 5, "pipeline_schedule_id": 2, "pipeline_uuid": "export_to_big_query", "hostname": "d2d72e4b77ea", "level": "INFO", "message": "BlockRun 49 (block_uuid: load_location_dimension) completes.", "timestamp": 1710496887.845478, "uuid": "34fcd75cfcdd43b5a4a43c0dba2c5975"}
2024-03-15T10:01:29 {"block_run_id": 53, "block_uuid": "load_order_dimension", "pipeline_run_id": 5, "pipeline_schedule_id": 2, "pipeline_uuid": "export_to_big_query", "hostname": "d2d72e4b77ea", "level": "INFO", "message": "BlockRun 53 (block_uuid: load_order_dimension) completes.", "timestamp": 1710496889.441156, "uuid": "31121bbac2d745f4b424594b74aeee32"}
2024-03-15T10:01:33 {"cpu": 0.39599609375, "cpu_total": 2, "cpu_usage": 0.197998046875, "memory": 3824.0, "memory_total": 7929.0, "memory_usage": 0.4822802371043007, "pipeline_run_id": 5, "pipeline_schedule_id": 2, "pipeline_uuid": "export_to_big_query", "hostname": "d2d72e4b77ea", "level": "INFO", "message": "Pipeline export_to_big_query for run 5 in schedule 2 is alive.", "timestamp": 1710496893.86457, "uuid": "83b3a56e0f854e55b42c625894d9bec0"}
2024-03-15T10:01:35 {"block_run_id": 51, "block_uuid": "metadata_dim_to_big_query", "pipeline_run_id": 5, "pipeline_schedule_id": 2, "pipeline_uuid": "export_to_big_query", "hostname": "d2d72e4b77ea", "level": "INFO", "message": "Execute PipelineRun 5, BlockRun 51: pipeline export_to_big_query block metadata_dim_to_big_query", "timestamp": 1710496895.009403, "uuid": "65973b4810764db8ae79d65c57be352e"}
2024-03-15T10:01:35 {"block_run_id": 46, "block_uuid": "customer_dim_to_big_query", "pipeline_run_id": 5, "pipeline_schedule_id": 2, "pipeline_uuid": "export_to_big_query", "hostname": "d2d72e4b77ea", "level": "INFO", "message": "Execute PipelineRun 5, BlockRun 46: pipeline export_to_big_query block customer_dim_to_big_query", "timestamp": 1710496895.015862, "uuid": "ede41edc83ef48cd9aabfbf4075d1013"}
2024-03-15T10:01:35 {"block_run_id": 50, "block_uuid": "location_dim_to_big_query", "pipeline_run_id": 5, "pipeline_schedule_id": 2, "pipeline_uuid": "export_to_big_query", "hostname": "d2d72e4b77ea", "level": "INFO", "message": "Execute PipelineRun 5, BlockRun 50: pipeline export_to_big_query block location_dim_to_big_query", "timestamp": 1710496895.02932, "uuid": "3b2c137477154c538e6da4c2cadaa791"}
2024-03-15T10:01:35 {"block_run_id": 54, "block_uuid": "order_dim_to_big_query", "pipeline_run_id": 5, "pipeline_schedule_id": 2, "pipeline_uuid": "export_to_big_query", "hostname": "d2d72e4b77ea", "level": "INFO", "message": "Execute PipelineRun 5, BlockRun 54: pipeline export_to_big_query block order_dim_to_big_query", "timestamp": 1710496895.19096, "uuid": "5cbc1ca861ba48a4b273b9251476c264"}
2024-03-15T10:01:35 {"block_run_id": 58, "block_uuid": "shipping_dim_to_big_query", "pipeline_run_id": 5, "pipeline_schedule_id": 2, "pipeline_uuid": "export_to_big_query", "hostname": "d2d72e4b77ea", "level": "INFO", "message": "Execute PipelineRun 5, BlockRun 58: pipeline export_to_big_query block shipping_dim_to_big_query", "timestamp": 1710496895.234001, "uuid": "93ac6936ac0b49cc863e6bdc7c3ad742"}
2024-03-15T10:01:36 {"block_run_id": 56, "block_uuid": "product_dim_to_big_query", "pipeline_run_id": 5, "pipeline_schedule_id": 2, "pipeline_uuid": "export_to_big_query", "hostname": "d2d72e4b77ea", "level": "INFO", "message": "BlockRun 56 (block_uuid: product_dim_to_big_query) completes.", "timestamp": 1710496896.886869, "uuid": "20c2eacec086423f813e6b0b4c9bf2cb"}
2024-03-15T10:01:37 {"block_run_id": 48, "block_uuid": "department_dim_to_big_query", "pipeline_run_id": 5, "pipeline_schedule_id": 2, "pipeline_uuid": "export_to_big_query", "hostname": "d2d72e4b77ea", "level": "INFO", "message": "BlockRun 48 (block_uuid: department_dim_to_big_query) completes.", "timestamp": 1710496897.658306, "uuid": "eed65a92f2b845269e4c435d821a0be9"}
2024-03-15T10:01:43 {"cpu": 0.42431640625, "cpu_total": 2, "cpu_usage": 0.212158203125, "memory": 4641.0, "memory_total": 7929.0, "memory_usage": 0.5853197124479758, "pipeline_run_id": 5, "pipeline_schedule_id": 2, "pipeline_uuid": "export_to_big_query", "hostname": "d2d72e4b77ea", "level": "INFO", "message": "Pipeline export_to_big_query for run 5 in schedule 2 is alive.", "timestamp": 1710496903.601835, "uuid": "a46661a51f344be993a47b98cc6be87c"}
2024-03-15T10:01:43 {"block_run_id": 58, "block_uuid": "shipping_dim_to_big_query", "pipeline_run_id": 5, "pipeline_schedule_id": 2, "pipeline_uuid": "export_to_big_query", "hostname": "d2d72e4b77ea", "level": "EXCEPTION", "message": "BlockRun 58 (block_uuid: shipping_dim_to_big_query) failed.", "timestamp": 1710496903.868807, "uuid": "655cf921d2a848589b83fe08c246b843", "error": ["Traceback (most recent call last):\n  File \"/usr/local/lib/python3.10/site-packages/google/cloud/bigquery/client.py\", line 2491, in load_table_from_file\n    response = self._do_multipart_upload(\n  File \"/usr/local/lib/python3.10/site-packages/google/cloud/bigquery/client.py\", line 3046, in _do_multipart_upload\n    response = upload.transmit(\n  File \"/usr/local/lib/python3.10/site-packages/google/resumable_media/requests/upload.py\", line 153, in transmit\n    return _request_helpers.wait_and_retry(\n  File \"/usr/local/lib/python3.10/site-packages/google/resumable_media/requests/_request_helpers.py\", line 155, in wait_and_retry\n    response = func()\n  File \"/usr/local/lib/python3.10/site-packages/google/resumable_media/requests/upload.py\", line 149, in retriable_request\n    self._process_response(result)\n  File \"/usr/local/lib/python3.10/site-packages/google/resumable_media/_upload.py\", line 125, in _process_response\n    _helpers.require_status_code(response, (http.client.OK,), self._get_status_code)\n  File \"/usr/local/lib/python3.10/site-packages/google/resumable_media/_helpers.py\", line 108, in require_status_code\n    raise common.InvalidResponse(\ngoogle.resumable_media.common.InvalidResponse: ('Request failed with status code', 400, 'Expected one of', <HTTPStatus.OK: 200>)\n\nDuring handling of the above exception, another exception occurred:\n\nTraceback (most recent call last):\n  File \"/usr/local/lib/python3.10/site-packages/mage_ai/data_preparation/executors/block_executor.py\", line 613, in execute\n    result = __execute_with_retry()\n  File \"/usr/local/lib/python3.10/site-packages/mage_ai/shared/retry.py\", line 54, in retry_func\n    raise e\n  File \"/usr/local/lib/python3.10/site-packages/mage_ai/shared/retry.py\", line 38, in retry_func\n    return func(*args, **kwargs)\n  File \"/usr/local/lib/python3.10/site-packages/mage_ai/data_preparation/executors/block_executor.py\", line 588, in __execute_with_retry\n    return self._execute(\n  File \"/usr/local/lib/python3.10/site-packages/mage_ai/data_preparation/executors/block_executor.py\", line 1077, in _execute\n    result = self.block.execute_sync(\n  File \"/usr/local/lib/python3.10/site-packages/mage_ai/data_preparation/models/block/__init__.py\", line 1315, in execute_sync\n    raise err\n  File \"/usr/local/lib/python3.10/site-packages/mage_ai/data_preparation/models/block/__init__.py\", line 1224, in execute_sync\n    output = self.execute_block(\n  File \"/usr/local/lib/python3.10/site-packages/mage_ai/data_preparation/models/block/__init__.py\", line 1530, in execute_block\n    outputs = self._execute_block(\n  File \"/usr/local/lib/python3.10/site-packages/mage_ai/data_preparation/models/block/__init__.py\", line 1686, in _execute_block\n    outputs = self.execute_block_function(\n  File \"/usr/local/lib/python3.10/site-packages/mage_ai/data_preparation/models/block/__init__.py\", line 1725, in execute_block_function\n    output = block_function_updated(*input_vars, **global_vars)\n  File \"<string>\", line 23, in export_data_to_big_query\n  File \"/usr/local/lib/python3.10/site-packages/mage_ai/io/bigquery.py\", line 319, in export\n    __process(database=database)\n  File \"/usr/local/lib/python3.10/site-packages/mage_ai/io/bigquery.py\", line 315, in __process\n    self.client.load_table_from_dataframe(df, table_id, job_config=config).result()\n  File \"/usr/local/lib/python3.10/site-packages/google/cloud/bigquery/client.py\", line 2727, in load_table_from_dataframe\n    return self.load_table_from_file(\n  File \"/usr/local/lib/python3.10/site-packages/google/cloud/bigquery/client.py\", line 2495, in load_table_from_file\n    raise exceptions.from_http_response(exc.response)\ngoogle.api_core.exceptions.BadRequest: 400 POST https://bigquery.googleapis.com/upload/bigquery/v2/projects/gothic-sylph-387906/jobs?uploadType=multipart: Invalid field name \"Days_for_shipping_(real)\". Fields must contain the allowed characters, and be at most 300 characters long. For allowed characters, please refer to https://cloud.google.com/bigquery/docs/schemas#column_names\n"], "error_stack": [["  File \"/usr/local/bin/mage\", line 8, in <module>\n    sys.exit(app())\n", "  File \"/usr/local/lib/python3.10/site-packages/typer/main.py\", line 311, in __call__\n    return get_command(self)(*args, **kwargs)\n", "  File \"/usr/local/lib/python3.10/site-packages/click/core.py\", line 1130, in __call__\n    return self.main(*args, **kwargs)\n", "  File \"/usr/local/lib/python3.10/site-packages/typer/core.py\", line 778, in main\n    return _main(\n", "  File \"/usr/local/lib/python3.10/site-packages/typer/core.py\", line 216, in _main\n    rv = self.invoke(ctx)\n", "  File \"/usr/local/lib/python3.10/site-packages/click/core.py\", line 1657, in invoke\n    return _process_result(sub_ctx.command.invoke(sub_ctx))\n", "  File \"/usr/local/lib/python3.10/site-packages/click/core.py\", line 1404, in invoke\n    return ctx.invoke(self.callback, **ctx.params)\n", "  File \"/usr/local/lib/python3.10/site-packages/click/core.py\", line 760, in invoke\n    return __callback(*args, **kwargs)\n", "  File \"/usr/local/lib/python3.10/site-packages/typer/main.py\", line 683, in wrapper\n    return callback(**use_params)  # type: ignore\n", "  File \"/usr/local/lib/python3.10/site-packages/mage_ai/cli/main.py\", line 163, in start\n    start_server(\n", "  File \"/usr/local/lib/python3.10/site-packages/mage_ai/server/server.py\", line 743, in start_server\n    scheduler_manager.start_scheduler()\n", "  File \"/usr/local/lib/python3.10/site-packages/mage_ai/server/scheduler_manager.py\", line 87, in start_scheduler\n    proc.start()\n", "  File \"/usr/local/lib/python3.10/multiprocessing/process.py\", line 121, in start\n    self._popen = self._Popen(self)\n", "  File \"/usr/local/lib/python3.10/multiprocessing/context.py\", line 224, in _Popen\n    return _default_context.get_context().Process._Popen(process_obj)\n", "  File \"/usr/local/lib/python3.10/multiprocessing/context.py\", line 281, in _Popen\n    return Popen(process_obj)\n", "  File \"/usr/local/lib/python3.10/multiprocessing/popen_fork.py\", line 19, in __init__\n    self._launch(process_obj)\n", "  File \"/usr/local/lib/python3.10/multiprocessing/popen_fork.py\", line 71, in _launch\n    code = process_obj._bootstrap(parent_sentinel=child_r)\n", "  File \"/usr/local/lib/python3.10/multiprocessing/process.py\", line 314, in _bootstrap\n    self.run()\n", "  File \"/usr/local/lib/python3.10/multiprocessing/process.py\", line 108, in run\n    self._target(*self._args, **self._kwargs)\n", "  File \"/usr/local/lib/python3.10/site-packages/mage_ai/orchestration/db/process.py\", line 15, in start_session_and_run\n    results = target(*args)\n", "  File \"/usr/local/lib/python3.10/site-packages/mage_ai/server/scheduler_manager.py\", line 50, in run_scheduler\n    LoopTimeTrigger().start()\n", "  File \"/usr/local/lib/python3.10/site-packages/mage_ai/orchestration/triggers/loop_time_trigger.py\", line 14, in start\n    self.run()\n", "  File \"/usr/local/lib/python3.10/site-packages/mage_ai/orchestration/triggers/time_trigger.py\", line 11, in run\n    schedule_all()\n", "  File \"/usr/local/lib/python3.10/site-packages/mage_ai/orchestration/pipeline_scheduler_original.py\", line 1615, in schedule_all\n    PipelineScheduler(r).start()\n", "  File \"/usr/local/lib/python3.10/site-packages/mage_ai/orchestration/db/__init__.py\", line 157, in func_with_rollback\n    return func(*args, **kwargs)\n", "  File \"/usr/local/lib/python3.10/site-packages/mage_ai/orchestration/pipeline_scheduler_original.py\", line 190, in start\n    self.schedule()\n", "  File \"/usr/local/lib/python3.10/site-packages/mage_ai/orchestration/db/__init__.py\", line 157, in func_with_rollback\n    return func(*args, **kwargs)\n", "  File \"/usr/local/lib/python3.10/site-packages/mage_ai/orchestration/pipeline_scheduler_original.py\", line 318, in schedule\n    self.__schedule_blocks(block_runs)\n", "  File \"/usr/local/lib/python3.10/site-packages/mage_ai/orchestration/pipeline_scheduler_original.py\", line 602, in __schedule_blocks\n    job_manager.add_job(\n", "  File \"/usr/local/lib/python3.10/site-packages/mage_ai/orchestration/job_manager.py\", line 27, in add_job\n    self.queue.enqueue(job_id, target, *args, **kwargs)\n", "  File \"/usr/local/lib/python3.10/site-packages/mage_ai/orchestration/queue/process_queue.py\", line 108, in enqueue\n    self.start_worker_pool()\n", "  File \"/usr/local/lib/python3.10/site-packages/mage_ai/orchestration/queue/process_queue.py\", line 183, in start_worker_pool\n    self.worker_pool_proc.start()\n", "  File \"/usr/local/lib/python3.10/multiprocessing/process.py\", line 121, in start\n    self._popen = self._Popen(self)\n", "  File \"/usr/local/lib/python3.10/multiprocessing/context.py\", line 224, in _Popen\n    return _default_context.get_context().Process._Popen(process_obj)\n", "  File \"/usr/local/lib/python3.10/multiprocessing/context.py\", line 281, in _Popen\n    return Popen(process_obj)\n", "  File \"/usr/local/lib/python3.10/multiprocessing/popen_fork.py\", line 19, in __init__\n    self._launch(process_obj)\n", "  File \"/usr/local/lib/python3.10/multiprocessing/popen_fork.py\", line 71, in _launch\n    code = process_obj._bootstrap(parent_sentinel=child_r)\n", "  File \"/usr/local/lib/python3.10/multiprocessing/process.py\", line 314, in _bootstrap\n    self.run()\n", "  File \"/usr/local/lib/python3.10/multiprocessing/process.py\", line 108, in run\n    self._target(*self._args, **self._kwargs)\n", "  File \"/usr/local/lib/python3.10/site-packages/mage_ai/orchestration/queue/process_queue.py\", line 288, in poll_job_and_execute\n    worker.start()\n", "  File \"/usr/local/lib/python3.10/multiprocessing/process.py\", line 121, in start\n    self._popen = self._Popen(self)\n", "  File \"/usr/local/lib/python3.10/multiprocessing/context.py\", line 224, in _Popen\n    return _default_context.get_context().Process._Popen(process_obj)\n", "  File \"/usr/local/lib/python3.10/multiprocessing/context.py\", line 281, in _Popen\n    return Popen(process_obj)\n", "  File \"/usr/local/lib/python3.10/multiprocessing/popen_fork.py\", line 19, in __init__\n    self._launch(process_obj)\n", "  File \"/usr/local/lib/python3.10/multiprocessing/popen_fork.py\", line 71, in _launch\n    code = process_obj._bootstrap(parent_sentinel=child_r)\n", "  File \"/usr/local/lib/python3.10/multiprocessing/process.py\", line 314, in _bootstrap\n    self.run()\n", "  File \"/usr/local/lib/python3.10/site-packages/newrelic/api/background_task.py\", line 117, in wrapper\n    return wrapped(*args, **kwargs)\n", "  File \"/usr/local/lib/python3.10/site-packages/mage_ai/orchestration/queue/process_queue.py\", line 253, in run\n    start_session_and_run(args[1], *args[2], **args[3])\n", "  File \"/usr/local/lib/python3.10/site-packages/mage_ai/orchestration/db/process.py\", line 15, in start_session_and_run\n    results = target(*args)\n", "  File \"/usr/local/lib/python3.10/site-packages/mage_ai/orchestration/pipeline_scheduler_original.py\", line 1152, in run_block\n    return ExecutorFactory.get_block_executor(\n", "  File \"/usr/local/lib/python3.10/site-packages/mage_ai/data_preparation/executors/block_executor.py\", line 641, in execute\n    on_failure(\n", "  File \"/usr/local/lib/python3.10/site-packages/mage_ai/orchestration/db/__init__.py\", line 157, in func_with_rollback\n    return func(*args, **kwargs)\n", "  File \"/usr/local/lib/python3.10/site-packages/mage_ai/orchestration/pipeline_scheduler_original.py\", line 433, in on_block_failure\n    self.logger.exception(\n", "  File \"/usr/local/lib/python3.10/site-packages/mage_ai/data_preparation/logging/logger.py\", line 30, in exception\n    self.__send_message('exception', message, **kwargs)\n", "  File \"/usr/local/lib/python3.10/site-packages/mage_ai/data_preparation/logging/logger.py\", line 65, in __send_message\n    data['error_stack'] = traceback.format_stack(),\n"]], "error_stacktrace": ["400 POST https://bigquery.googleapis.com/upload/bigquery/v2/projects/gothic-sylph-387906/jobs?uploadType=multipart: Invalid field name \"Days_for_shipping_(real)\". Fields must contain the allowed characters, and be at most 300 characters long. For allowed characters, please refer to https://cloud.google.com/bigquery/docs/schemas#column_names"]}
Traceback (most recent call last):
  File "/usr/local/lib/python3.10/site-packages/google/cloud/bigquery/client.py", line 2491, in load_table_from_file
    response = self._do_multipart_upload(
  File "/usr/local/lib/python3.10/site-packages/google/cloud/bigquery/client.py", line 3046, in _do_multipart_upload
    response = upload.transmit(
  File "/usr/local/lib/python3.10/site-packages/google/resumable_media/requests/upload.py", line 153, in transmit
    return _request_helpers.wait_and_retry(
  File "/usr/local/lib/python3.10/site-packages/google/resumable_media/requests/_request_helpers.py", line 155, in wait_and_retry
    response = func()
  File "/usr/local/lib/python3.10/site-packages/google/resumable_media/requests/upload.py", line 149, in retriable_request
    self._process_response(result)
  File "/usr/local/lib/python3.10/site-packages/google/resumable_media/_upload.py", line 125, in _process_response
    _helpers.require_status_code(response, (http.client.OK,), self._get_status_code)
  File "/usr/local/lib/python3.10/site-packages/google/resumable_media/_helpers.py", line 108, in require_status_code
    raise common.InvalidResponse(
google.resumable_media.common.InvalidResponse: ('Request failed with status code', 400, 'Expected one of', <HTTPStatus.OK: 200>)

During handling of the above exception, another exception occurred:

Traceback (most recent call last):
  File "/usr/local/lib/python3.10/site-packages/mage_ai/data_preparation/executors/block_executor.py", line 613, in execute
    result = __execute_with_retry()
  File "/usr/local/lib/python3.10/site-packages/mage_ai/shared/retry.py", line 54, in retry_func
    raise e
  File "/usr/local/lib/python3.10/site-packages/mage_ai/shared/retry.py", line 38, in retry_func
    return func(*args, **kwargs)
  File "/usr/local/lib/python3.10/site-packages/mage_ai/data_preparation/executors/block_executor.py", line 588, in __execute_with_retry
    return self._execute(
  File "/usr/local/lib/python3.10/site-packages/mage_ai/data_preparation/executors/block_executor.py", line 1077, in _execute
    result = self.block.execute_sync(
  File "/usr/local/lib/python3.10/site-packages/mage_ai/data_preparation/models/block/__init__.py", line 1315, in execute_sync
    raise err
  File "/usr/local/lib/python3.10/site-packages/mage_ai/data_preparation/models/block/__init__.py", line 1224, in execute_sync
    output = self.execute_block(
  File "/usr/local/lib/python3.10/site-packages/mage_ai/data_preparation/models/block/__init__.py", line 1530, in execute_block
    outputs = self._execute_block(
  File "/usr/local/lib/python3.10/site-packages/mage_ai/data_preparation/models/block/__init__.py", line 1686, in _execute_block
    outputs = self.execute_block_function(
  File "/usr/local/lib/python3.10/site-packages/mage_ai/data_preparation/models/block/__init__.py", line 1725, in execute_block_function
    output = block_function_updated(*input_vars, **global_vars)
  File "<string>", line 23, in export_data_to_big_query
  File "/usr/local/lib/python3.10/site-packages/mage_ai/io/bigquery.py", line 319, in export
    __process(database=database)
  File "/usr/local/lib/python3.10/site-packages/mage_ai/io/bigquery.py", line 315, in __process
    self.client.load_table_from_dataframe(df, table_id, job_config=config).result()
  File "/usr/local/lib/python3.10/site-packages/google/cloud/bigquery/client.py", line 2727, in load_table_from_dataframe
    return self.load_table_from_file(
  File "/usr/local/lib/python3.10/site-packages/google/cloud/bigquery/client.py", line 2495, in load_table_from_file
    raise exceptions.from_http_response(exc.response)
google.api_core.exceptions.BadRequest: 400 POST https://bigquery.googleapis.com/upload/bigquery/v2/projects/gothic-sylph-387906/jobs?uploadType=multipart: Invalid field name "Days_for_shipping_(real)". Fields must contain the allowed characters, and be at most 300 characters long. For allowed characters, please refer to https://cloud.google.com/bigquery/docs/schemas#column_names
2024-03-15T10:01:48 {"block_run_id": 51, "block_uuid": "metadata_dim_to_big_query", "pipeline_run_id": 5, "pipeline_schedule_id": 2, "pipeline_uuid": "export_to_big_query", "hostname": "d2d72e4b77ea", "level": "INFO", "message": "BlockRun 51 (block_uuid: metadata_dim_to_big_query) completes.", "timestamp": 1710496908.324062, "uuid": "7f275bb66fef4dc2b2bb5e46b69c0f32"}
2024-03-15T10:01:49 {"block_run_id": 50, "block_uuid": "location_dim_to_big_query", "pipeline_run_id": 5, "pipeline_schedule_id": 2, "pipeline_uuid": "export_to_big_query", "hostname": "d2d72e4b77ea", "level": "INFO", "message": "BlockRun 50 (block_uuid: location_dim_to_big_query) completes.", "timestamp": 1710496909.630222, "uuid": "0dcc0182a99d4286916381f09f8470a8"}
2024-03-15T10:01:50 {"block_run_id": 46, "block_uuid": "customer_dim_to_big_query", "pipeline_run_id": 5, "pipeline_schedule_id": 2, "pipeline_uuid": "export_to_big_query", "hostname": "d2d72e4b77ea", "level": "INFO", "message": "BlockRun 46 (block_uuid: customer_dim_to_big_query) completes.", "timestamp": 1710496910.646918, "uuid": "a817bc0ed3644de98c359d4497d899e2"}
2024-03-15T10:01:53 {"cpu": 0.41943359375, "cpu_total": 2, "cpu_usage": 0.209716796875, "memory": 3680.0, "memory_total": 7929.0, "memory_usage": 0.4641190566275697, "pipeline_run_id": 5, "pipeline_schedule_id": 2, "pipeline_uuid": "export_to_big_query", "hostname": "d2d72e4b77ea", "level": "INFO", "message": "Pipeline export_to_big_query for run 5 in schedule 2 is alive.", "timestamp": 1710496913.820695, "uuid": "42dc1bbbaeae44b1b8dd1147c1214bbb"}
